/*C2*/SET SCHEMA PUBLIC
DISCONNECT
/*C4*/SET SCHEMA PUBLIC
create table ADDRESS (ID bigint generated by default as identity (start with 1), VERSION bigint, CITY varchar(255) not null, PINCODE integer not null, STATE varchar(255) not null, STREET varchar(255) not null, primary key (ID))
create table DISQUALIFIED_DESCRIPTION (ID bigint generated by default as identity (start with 1), VERSION bigint, PERIOD_OF_PUNISHMENT varchar(255), PREVIOUS_ENROLLMENT_NUMBER varchar(255), PREVIOUS_EXAMINATION_NAME varchar(255), PREVIOUS_ROLL_NUMBER varchar(255), PREVIOUS_UNIVERSITY_BOARD_NAME varchar(255), PREVIOUS_YEAR smallint, primary key (ID))
create table HEAD_OF_DEPARTMENT (ID bigint generated by default as identity (start with 1), VERSION bigint, DEPARTMENT_NAME varchar(255) not null, EMAIL_ADDRESS varchar(255) not null, NAME varchar(255) not null, primary key (ID))
create table PLACE_OF_BIRTH (ID bigint generated by default as identity (start with 1), VERSION bigint, DISTT varchar(255) not null, STATE varchar(255) not null, TOWN varchar(255) not null, primary key (ID))
create table STUDENT (ID bigint generated by default as identity (start with 1), VERSION bigint, APPROVED_BY_HOD integer, DATE_OF_BIRTH date not null, DISQUALIFIED_FLAG integer not null, ENROLLMENT_NUMBER varchar(255) not null, EXAMINATION_NAME integer not null, FATHER_NAME varchar(255) not null, GENDER integer not null, MEDIUM_OF_EXAMINATION integer not null, MOBILE_NUMBER varchar(255) not null, MOTHER_NAME varchar(255) not null, NATIONALITY varchar(255) not null, QUOTA_FLAG integer not null, RELIGION varchar(255) not null, SEMESTER_NAME integer not null, SPOUSE_NAME varchar(255) not null, YEAR smallint not null, STUDENT_CORRESPONDENCE_ADDRESS bigint not null, STUDENT_DISQUALIFIED_DESCRIPTION bigint, STUDENT_PERMANENT_ADDRESS bigint not null, STUDENT_PLACE_OF_BIRTH bigint not null, STUDENT_USER bigint not null, primary key (ID), unique (STUDENT_CORRESPONDENCE_ADDRESS), unique (STUDENT_PERMANENT_ADDRESS), unique (STUDENT_PLACE_OF_BIRTH), unique (STUDENT_USER))
create table STUDENT_SUBJECT (STUDENT_ID bigint not null, subjectTaken_ID bigint not null, primary key (STUDENT_ID, subjectTaken_ID), unique (subjectTaken_ID))
create table SUBJECT (ID bigint generated by default as identity (start with 1), VERSION bigint, PAPER_CATEGORY integer, PAPER_NAME varchar(255), PAPER_NUMBER varchar(255), PAPER_SEMESTER integer, primary key (ID))
create table USER (ID bigint generated by default as identity (start with 1), VERSION bigint, EMAIL_ADDRESS varchar(255) not null, NAME varchar(255), ROLE integer, primary key (ID))
alter table STUDENT add constraint FKBACA0E1BCD323765 foreign key (STUDENT_CORRESPONDENCE_ADDRESS) references ADDRESS
alter table STUDENT add constraint FKBACA0E1B2AA77F56 foreign key (STUDENT_PLACE_OF_BIRTH) references PLACE_OF_BIRTH
alter table STUDENT add constraint FKBACA0E1BEDE7F0F1 foreign key (STUDENT_PERMANENT_ADDRESS) references ADDRESS
alter table STUDENT add constraint FKBACA0E1B81CB573C foreign key (STUDENT_USER) references USER
alter table STUDENT add constraint FKBACA0E1B244B527B foreign key (STUDENT_DISQUALIFIED_DESCRIPTION) references DISQUALIFIED_DESCRIPTION
alter table STUDENT_SUBJECT add constraint FKFA194AE81A68A289 foreign key (subjectTaken_ID) references SUBJECT
alter table STUDENT_SUBJECT add constraint FKFA194AE8874CDC78 foreign key (STUDENT_ID) references STUDENT
/*C5*/SET SCHEMA PUBLIC
INSERT INTO USER VALUES(1,0,'fsl4faisal@gmail.com','faisal',0)
COMMIT
/*C4*/DELETE FROM USER WHERE ID=1
COMMIT
/*C6*/SET SCHEMA PUBLIC
INSERT INTO USER VALUES(2,0,'fsl4faisal@gmail.com','faisal raza',1)
COMMIT
/*C5*/DELETE FROM USER WHERE ID=2
COMMIT
